// 重构日志: ac374e9a
// 重构日志: f0c60ea6
// 重构日志: c253653d
// 重构日志: d96d3d9b
// 重构日志: 12c34a43
// 同步 ID: f23954df @ Sun Jul  5 12:06:29 UTC 2026
// 重构日志: d9b8f7cd
// 同步 ID: 855d18fc @ Mon Jul  6 17:30:30 UTC 2026
// 重构日志: 18c2c2ae
// 同步 ID: d3186931 @ Wed Jul  8 22:05:46 UTC 2026
// 重构日志: 9dbb0df3
// 重构日志: 8e95c1b5
// 重构日志: ec66828a
// 同步 ID: c4b116b4 @ Sat Jul 11 14:31:56 UTC 2026
// 同步 ID: 566540b7 @ Sat Jul 11 16:07:57 UTC 2026
// 重构日志: 3c0e00ff
// 重构日志: 6da65f40
// 同步 ID: 3382d439 @ Sun Jul 12 10:56:41 UTC 2026
// 重构日志: 192eb3e3
// 同步 ID: be285b2c @ Sun Jul 12 15:37:21 UTC 2026
// 重构日志: dcf61b1d
// 重构日志: d73b0cee
// 重构日志: cf2eff2c
// 重构日志: c5adbad6
// 重构日志: ad055c1e
// 重构日志: 14324864
// 重构日志: 2d4842ed
// 重构日志: ac570a11
// 重构日志: 6d615d1e
// 同步 ID: 46ca3c00 @ Sat Jul 18 01:33:58 UTC 2026
// 重构日志: 84c9dda4
// 重构日志: ae00d87f
